<?xml version="1.0" encoding="UTF-8"?>
<!-- Generated by org.testng.reporters.JUnitReportReporter -->
<testsuite skipped="0" hostname="INLTP-Rmustoor" name="com.javaProject.TestNGClass3" tests="1" failures="0" timestamp="27 Nov 2018 10:04:34 GMT" time="5.867" errors="0">
  <testcase name="DatePickerType1" time="5.867" classname="com.javaProject.TestNGClass3"/>
</testsuite> <!-- com.javaProject.TestNGClass3 -->
