<?xml version="1.0" encoding="UTF-8"?>
<!-- Generated by org.testng.reporters.JUnitReportReporter -->
<testsuite skipped="0" hostname="INLTP-Rmustoor" name="com.javaProject.TestNGClass1" tests="1" failures="0" timestamp="15 May 2019 07:35:28 GMT" time="5.003" errors="0">
  <testcase name="verifyLogin" time="5.003" classname="com.javaProject.TestNGClass1"/>
</testsuite> <!-- com.javaProject.TestNGClass1 -->
