<?xml version="1.0" encoding="UTF-8"?>
<!-- Generated by org.testng.reporters.JUnitReportReporter -->
<testsuite skipped="0" hostname="INLTP-Rmustoor" name="com.javaProject.TestNGClass2" tests="1" failures="0" timestamp="15 May 2019 07:35:28 GMT" time="6.510" errors="0">
  <testcase name="verifyLogin" time="6.510" classname="com.javaProject.TestNGClass2"/>
</testsuite> <!-- com.javaProject.TestNGClass2 -->
