<?xml version="1.0" encoding="UTF-8"?>
<!-- Generated by org.testng.reporters.JUnitReportReporter -->
<testsuite skipped="0" hostname="INLTP-Rmustoor" name="com.javaProject.TestNGClass" tests="1" failures="0" timestamp="27 Nov 2018 07:18:12 GMT" time="33.745" errors="0">
  <testcase name="verifyLogin" time="33.745" classname="com.javaProject.TestNGClass"/>
</testsuite> <!-- com.javaProject.TestNGClass -->
